{
  "uid" : "4b4757e66a1912dae1a509f688f20b0f",
  "children" : [ {
    "name" : "Product defects",
    "children" : [ {
      "name" : "selene.core.exceptions.TimeoutException: Message: \n\nTimed out after 3s, while waiting for:\nbrowser.element(('xpath', '//*[@id=\"login_button_container\"]/div/form/h3')).is visible\n\nReason: NoSuchElementException: no such element: Unable to locate element: {\"method\":\"xpath\",\"selector\":\"//*[@id=\"login_button_container\"]/div/form/h3\"}\n  (Session info: chrome=124.0.6367.60); For documentation on this error, please visit: https://www.selenium.dev/documentation/webdriver/troubleshooting/errors#no-such-element-exception\nScreenshot: file:///home/runner/.selene/screenshots/1714579731499/1714579731499.png\nPageSource: file:///home/runner/.selene/screenshots/1714579731499/1714579731499.html",
      "children" : [ {
        "name" : "test_login_failed",
        "uid" : "647f9bf58da5cde5",
        "parentUid" : "4a2cd9d41fb065aa3898dab20ca28f1d",
        "status" : "failed",
        "time" : {
          "start" : 1714579733233,
          "stop" : 1714579737165,
          "duration" : 3932
        },
        "flaky" : false,
        "newFailed" : false,
        "parameters" : [ ]
      } ],
      "uid" : "4a2cd9d41fb065aa3898dab20ca28f1d"
    } ],
    "uid" : "8fb3a91ba5aaf9de24cc8a92edc82b5d"
  } ],
  "name" : "categories"
}