{
  "66652913f36bc6fd88d92a6bd7aca0c6" : {
    "statistic" : {
      "failed" : 1,
      "broken" : 0,
      "skipped" : 0,
      "passed" : 0,
      "unknown" : 0,
      "total" : 1
    },
    "items" : [ {
      "uid" : "647f9bf58da5cde5",
      "reportUrl" : "https://sdjlkfjdewewnnenenne.github.io/repository_name/5//#testresult/647f9bf58da5cde5",
      "status" : "failed",
      "statusDetails" : "selene.core.exceptions.TimeoutException: Message: \n\nTimed out after 3s, while waiting for:\nbrowser.element(('xpath', '//*[@id=\"login_button_container\"]/div/form/h3')).is visible\n\nReason: NoSuchElementException: no such element: Unable to locate element: {\"method\":\"xpath\",\"selector\":\"//*[@id=\"login_button_container\"]/div/form/h3\"}\n  (Session info: chrome=124.0.6367.60); For documentation on this error, please visit: https://www.selenium.dev/documentation/webdriver/troubleshooting/errors#no-such-element-exception\nScreenshot: file:///home/runner/.selene/screenshots/1714579731499/1714579731499.png\nPageSource: file:///home/runner/.selene/screenshots/1714579731499/1714579731499.html",
      "time" : {
        "start" : 1714579733233,
        "stop" : 1714579737165,
        "duration" : 3932
      }
    } ]
  },
  "6b0c708eccbf4233997b398240b1caad" : {
    "statistic" : {
      "failed" : 0,
      "broken" : 0,
      "skipped" : 0,
      "passed" : 1,
      "unknown" : 0,
      "total" : 1
    },
    "items" : [ {
      "uid" : "fce567ca5e45f350",
      "reportUrl" : "https://sdjlkfjdewewnnenenne.github.io/repository_name/5//#testresult/fce567ca5e45f350",
      "status" : "passed",
      "time" : {
        "start" : 1714579731524,
        "stop" : 1714579733167,
        "duration" : 1643
      }
    } ]
  }
}